Using pre-set license
Built from '2020.3/release' branch; Version is '2020.3.2f1 (8fd9074bf66c) revision 9427207'; Using compiler version '192528614'; Build Type 'Release'
OS: 'Windows 10 Home; OS build 19041.867; Version 2004; 64bit' Language: 'fr' Physical Memory: 16333 MB
BatchMode: 1, IsHumanControllingUs: 0, StartBugReporterOnCrash: 0, Is64bit: 1, IsPro: 0

 COMMAND LINE ARGUMENTS:
C:\Program Files\Unity\Hub\Editor\2020.3.2f1\Editor\Unity.exe
-adb2
-batchMode
-noUpm
-name
AssetImportWorker0
-projectPath
D:/VR-IIvimat-Mavii/Cinemachina_Github/cinemachina-iivimat
-logFile
Logs/AssetImportWorker0.log
-srvPort
61635
Successfully changed project path to: D:/VR-IIvimat-Mavii/Cinemachina_Github/cinemachina-iivimat
D:/VR-IIvimat-Mavii/Cinemachina_Github/cinemachina-iivimat
Using Asset Import Pipeline V2.
Refreshing native plugins compatible for Editor in 54.39 ms, found 5 plugins.
Preloading 1 native plugins for Editor in 14.05 ms.
Initialize engine version: 2020.3.2f1 (8fd9074bf66c)
[Subsystems] Discovering subsystems at path C:/Program Files/Unity/Hub/Editor/2020.3.2f1/Editor/Data/Resources/UnitySubsystems
[Subsystems] Discovering subsystems at path D:/VR-IIvimat-Mavii/Cinemachina_Github/cinemachina-iivimat/Assets
GfxDevice: creating device client; threaded=0
Direct3D:
    Version:  Direct3D 11.0 [level 11.1]
    Renderer: NVIDIA GeForce RTX 2070 (ID=0x1f02)
    Vendor:   
    VRAM:     8031 MB
    Driver:   27.21.14.5671
Shader 'Oculus/OVRMRCameraFrameLit': fallback shader 'Alpha-Diffuse' not found
Initialize mono
Mono path[0] = 'C:/Program Files/Unity/Hub/Editor/2020.3.2f1/Editor/Data/Managed'
Mono path[1] = 'C:/Program Files/Unity/Hub/Editor/2020.3.2f1/Editor/Data/MonoBleedingEdge/lib/mono/unityjit'
Mono config path = 'C:/Program Files/Unity/Hub/Editor/2020.3.2f1/Editor/Data/MonoBleedingEdge/etc'
Using monoOptions --debugger-agent=transport=dt_socket,embedding=1,server=y,suspend=n,address=127.0.0.1:56584
Begin MonoManager ReloadAssembly
Registering precompiled unity dll's ...
Register platform support module: C:/Program Files/Unity/Hub/Editor/2020.3.2f1/Editor/Data/PlaybackEngines/WindowsStandaloneSupport/UnityEditor.WindowsStandalone.Extensions.dll
Registered in 0.002934 seconds.
Native extension for WindowsStandalone target not found
Refreshing native plugins compatible for Editor in 41.21 ms, found 5 plugins.
Preloading 1 native plugins for Editor in 0.04 ms.
Invoked RoslynAnalysisRunner static constructor.
RoslynAnalysisRunner will not be running.
RoslynAnalysisRunner has terminated.
Mono: successfully reloaded assembly
- Completed reload, in  2.601 seconds
Platform modules already initialized, skipping
Registering precompiled user dll's ...
Registered in 0.008853 seconds.
Begin MonoManager ReloadAssembly
Native extension for WindowsStandalone target not found
Refreshing native plugins compatible for Editor in 0.68 ms, found 5 plugins.
Preloading 1 native plugins for Editor in 0.05 ms.
Invoked RoslynAnalysisRunner static constructor.
RoslynAnalysisRunner will not be running.
RoslynAnalysisRunner has terminated.
[XR] OculusXRPlugin: registering subsystems
[XR] Unable to register display lifecyle provider: [1]
[XR] Oculus Input lifecycle provider registered.
[XR] Unable to register input lifecyle provider: [1]
[XR] OVRP version 1.57.0
Mono: successfully reloaded assembly
- Completed reload, in  0.989 seconds
Platform modules already initialized, skipping
========================================================================
Worker process is ready to serve import requests
Shader 'Oculus/OVRMRCameraFrameLit': fallback shader 'Alpha-Diffuse' not found
Launched and connected shader compiler UnityShaderCompiler.exe after 0.06 seconds
Refreshing native plugins compatible for Editor in 0.69 ms, found 5 plugins.
Preloading 1 native plugins for Editor in 0.06 ms.
Unloading 1797 Unused Serialized files (Serialized files now loaded: 0)
System memory in use before: 86.0 MB.
System memory in use after: 86.1 MB.

Unloading 44 unused Assets to reduce memory usage. Loaded Objects now: 2263.
Total: 2.219700 ms (FindLiveObjects: 0.208000 ms CreateObjectMapping: 0.042000 ms MarkObjects: 1.870600 ms  DeleteObjects: 0.097700 ms)

========================================================================
Received Import Request.
  path: Assets/Prefab/Prefab_archi_cinemachina_090421.prefab
  artifactKey: Guid(9356e6ade48bb1943baa1c45d512059e) Importer(815301076,1909f56bfc062723c751e8b465ee728b)
Start importing Assets/Prefab/Prefab_archi_cinemachina_090421.prefab using Guid(9356e6ade48bb1943baa1c45d512059e) Importer(815301076,1909f56bfc062723c751e8b465ee728b)  -> (artifact id: '80ad8b9b371e4c53bfb190241d739c5f') in 1.068916 seconds
  Import took 1.185363 seconds .

========================================================================
Received Import Request.
  Time since last request: 0.000293 seconds.
  path: Assets/Resources/OVRPlatformToolSettings.asset
  artifactKey: Guid(bd1f400af65c50248b3816a04c49a980) Importer(815301076,1909f56bfc062723c751e8b465ee728b)
Start importing Assets/Resources/OVRPlatformToolSettings.asset using Guid(bd1f400af65c50248b3816a04c49a980) Importer(815301076,1909f56bfc062723c751e8b465ee728b)  -> (artifact id: '0523b13630215cec67a0a1727b2eda99') in 0.007376 seconds
  Import took 0.010225 seconds .

========================================================================
Received Import Request.
  Time since last request: 0.000334 seconds.
  path: Assets/Resources/2D_Lookout 1.mp4
  artifactKey: Guid(c54071797f9b6b54c80f1b801bd7239c) Importer(815301076,1909f56bfc062723c751e8b465ee728b)
Start importing Assets/Resources/2D_Lookout 1.mp4 using Guid(c54071797f9b6b54c80f1b801bd7239c) Importer(815301076,1909f56bfc062723c751e8b465ee728b)  -> (artifact id: 'fda627d622bca355d4d460e581812101') in 0.058142 seconds
  Import took 0.061325 seconds .

========================================================================
Received Import Request.
  Time since last request: 0.000399 seconds.
  path: Assets/Resources/Prefabs
  artifactKey: Guid(411bfd320690ef04fbb95df8cd63f988) Importer(815301076,1909f56bfc062723c751e8b465ee728b)
Start importing Assets/Resources/Prefabs using Guid(411bfd320690ef04fbb95df8cd63f988) Importer(815301076,1909f56bfc062723c751e8b465ee728b)  -> (artifact id: '3bbb2d3a2f66f753d142fa9bcff993c1') in 0.001945 seconds
  Import took 0.004486 seconds .

========================================================================
Received Import Request.
  Time since last request: 0.000234 seconds.
  path: Assets/Resources/ONSPSettings.asset
  artifactKey: Guid(475363a763545cd45b1e31719f69ed3f) Importer(815301076,1909f56bfc062723c751e8b465ee728b)
Start importing Assets/Resources/ONSPSettings.asset using Guid(475363a763545cd45b1e31719f69ed3f) Importer(815301076,1909f56bfc062723c751e8b465ee728b)  -> (artifact id: '6afa7b9d6799284845a8261f363c8cd2') in 0.002458 seconds
  Import took 0.004953 seconds .

========================================================================
Received Import Request.
  Time since last request: 0.000304 seconds.
  path: Assets/Resources/OVRBuildConfig.asset
  artifactKey: Guid(ec26cf9167a68f141a883596a351ed5c) Importer(815301076,1909f56bfc062723c751e8b465ee728b)
Start importing Assets/Resources/OVRBuildConfig.asset using Guid(ec26cf9167a68f141a883596a351ed5c) Importer(815301076,1909f56bfc062723c751e8b465ee728b)  -> (artifact id: 'b72fd71e0d794e324bb1ba705eb48b4e') in 0.003054 seconds
  Import took 0.007112 seconds .

========================================================================
Received Import Request.
  Time since last request: 0.000395 seconds.
  path: Assets/Resources/OculusPlatformSettings.asset
  artifactKey: Guid(b005d1e9522989b4da3045bc4e367b82) Importer(815301076,1909f56bfc062723c751e8b465ee728b)
Start importing Assets/Resources/OculusPlatformSettings.asset using Guid(b005d1e9522989b4da3045bc4e367b82) Importer(815301076,1909f56bfc062723c751e8b465ee728b)  -> (artifact id: 'd941ba77541abd5cf8c957213562cfb9') in 0.003579 seconds
  Import took 0.007022 seconds .

========================================================================
Received Import Request.
  Time since last request: 0.404078 seconds.
  path: Assets/Resources/Prefabs/Feedbacks
  artifactKey: Guid(66e108e543c519f40a9362af1bd217d7) Importer(815301076,1909f56bfc062723c751e8b465ee728b)
Start importing Assets/Resources/Prefabs/Feedbacks using Guid(66e108e543c519f40a9362af1bd217d7) Importer(815301076,1909f56bfc062723c751e8b465ee728b)  -> (artifact id: '958c9e596028246fa233d11553949568') in 0.001943 seconds
  Import took 0.004896 seconds .

========================================================================
Received Import Request.
  Time since last request: 0.054566 seconds.
  path: Assets/Resources/Prefabs/Feedbacks/Proximity Collider.prefab
  artifactKey: Guid(7c62c8fea430cdd4bbb1c8da877481b8) Importer(815301076,1909f56bfc062723c751e8b465ee728b)
Start importing Assets/Resources/Prefabs/Feedbacks/Proximity Collider.prefab using Guid(7c62c8fea430cdd4bbb1c8da877481b8) Importer(815301076,1909f56bfc062723c751e8b465ee728b)  -> (artifact id: 'a73ade5f6b3bfbc28b307dcaef8bc37f') in 0.073813 seconds
  Import took 0.077402 seconds .

========================================================================
Received Import Request.
  Time since last request: 0.000264 seconds.
  path: Assets/Resources/Prefabs/Feedbacks/ProximityHeadCollider.prefab
  artifactKey: Guid(e548fe915ec07154eb3d6b26e783ec0d) Importer(815301076,1909f56bfc062723c751e8b465ee728b)
Start importing Assets/Resources/Prefabs/Feedbacks/ProximityHeadCollider.prefab using Guid(e548fe915ec07154eb3d6b26e783ec0d) Importer(815301076,1909f56bfc062723c751e8b465ee728b)  -> (artifact id: 'beef358f96d410a042c0e277de5c4ab0') in 0.007748 seconds
  Import took 0.010409 seconds .

========================================================================
Received Import Request.
  Time since last request: 0.000280 seconds.
  path: Assets/Resources/Prefabs/Feedbacks/ProximityHandCollider.prefab
  artifactKey: Guid(41d8457e379a5e74db3a805cfcb5971f) Importer(815301076,1909f56bfc062723c751e8b465ee728b)
Start importing Assets/Resources/Prefabs/Feedbacks/ProximityHandCollider.prefab using Guid(41d8457e379a5e74db3a805cfcb5971f) Importer(815301076,1909f56bfc062723c751e8b465ee728b)  -> (artifact id: 'd5f1f2bd82acbc11d31c9f1b610b2aa1') in 0.010134 seconds
  Import took 0.027200 seconds .

========================================================================
Received Import Request.
  Time since last request: 21.722094 seconds.
  path: Assets/Resources/Prefabs/Feedbacks/Proximity Collider.prefab
  artifactKey: Guid(7c62c8fea430cdd4bbb1c8da877481b8) Importer(815301076,1909f56bfc062723c751e8b465ee728b)
Start importing Assets/Resources/Prefabs/Feedbacks/Proximity Collider.prefab using Guid(7c62c8fea430cdd4bbb1c8da877481b8) Importer(815301076,1909f56bfc062723c751e8b465ee728b)  -> (artifact id: 'c98496a485d0ef7602bc2568accb7e3e') in 0.006817 seconds
  Import took 0.009909 seconds .

========================================================================
Received Import Request.
  Time since last request: 0.019075 seconds.
  path: Assets/Resources/Prefabs/Feedbacks/Proximity Collider.prefab
  artifactKey: Guid(7c62c8fea430cdd4bbb1c8da877481b8) Importer(815301076,1909f56bfc062723c751e8b465ee728b)
Start importing Assets/Resources/Prefabs/Feedbacks/Proximity Collider.prefab using Guid(7c62c8fea430cdd4bbb1c8da877481b8) Importer(815301076,1909f56bfc062723c751e8b465ee728b)  -> (artifact id: 'c98496a485d0ef7602bc2568accb7e3e') in 0.006534 seconds
  Import took 0.009986 seconds .

========================================================================
Received Import Request.
  Time since last request: 0.931120 seconds.
  path: Assets/Resources/Prefabs/Feedbacks/Proximity Collider.prefab
  artifactKey: Guid(7c62c8fea430cdd4bbb1c8da877481b8) Importer(815301076,1909f56bfc062723c751e8b465ee728b)
Start importing Assets/Resources/Prefabs/Feedbacks/Proximity Collider.prefab using Guid(7c62c8fea430cdd4bbb1c8da877481b8) Importer(815301076,1909f56bfc062723c751e8b465ee728b)  -> (artifact id: '731281f45fbcfc73a432aa3a3a2116ca') in 0.006803 seconds
  Import took 0.009830 seconds .

========================================================================
Received Import Request.
  Time since last request: 0.019058 seconds.
  path: Assets/Resources/Prefabs/Feedbacks/Proximity Collider.prefab
  artifactKey: Guid(7c62c8fea430cdd4bbb1c8da877481b8) Importer(815301076,1909f56bfc062723c751e8b465ee728b)
Start importing Assets/Resources/Prefabs/Feedbacks/Proximity Collider.prefab using Guid(7c62c8fea430cdd4bbb1c8da877481b8) Importer(815301076,1909f56bfc062723c751e8b465ee728b)  -> (artifact id: '731281f45fbcfc73a432aa3a3a2116ca') in 0.007186 seconds
  Import took 0.010784 seconds .

========================================================================
Received Import Request.
  Time since last request: 10.090288 seconds.
  path: Assets/Resources/Prefabs/Feedbacks/ProximityHeadCollider.prefab
  artifactKey: Guid(e548fe915ec07154eb3d6b26e783ec0d) Importer(815301076,1909f56bfc062723c751e8b465ee728b)
Start importing Assets/Resources/Prefabs/Feedbacks/ProximityHeadCollider.prefab using Guid(e548fe915ec07154eb3d6b26e783ec0d) Importer(815301076,1909f56bfc062723c751e8b465ee728b)  -> (artifact id: 'abef4fe345fee881c5f9cb43bddd2828') in 0.009719 seconds
  Import took 0.029405 seconds .

========================================================================
Received Import Request.
  Time since last request: 5.791176 seconds.
  path: Assets/Resources/Prefabs/Feedbacks/ProximityHeadCollider.prefab
  artifactKey: Guid(e548fe915ec07154eb3d6b26e783ec0d) Importer(815301076,1909f56bfc062723c751e8b465ee728b)
Start importing Assets/Resources/Prefabs/Feedbacks/ProximityHeadCollider.prefab using Guid(e548fe915ec07154eb3d6b26e783ec0d) Importer(815301076,1909f56bfc062723c751e8b465ee728b)  -> (artifact id: 'cf5c276c17bd2029e4fea3ac60ef0ccf') in 0.006934 seconds
  Import took 0.010264 seconds .

========================================================================
Received Import Request.
  Time since last request: 0.016623 seconds.
  path: Assets/Resources/Prefabs/Feedbacks/ProximityHeadCollider.prefab
  artifactKey: Guid(e548fe915ec07154eb3d6b26e783ec0d) Importer(815301076,1909f56bfc062723c751e8b465ee728b)
Start importing Assets/Resources/Prefabs/Feedbacks/ProximityHeadCollider.prefab using Guid(e548fe915ec07154eb3d6b26e783ec0d) Importer(815301076,1909f56bfc062723c751e8b465ee728b)  -> (artifact id: 'cf5c276c17bd2029e4fea3ac60ef0ccf') in 0.007134 seconds
  Import took 0.010588 seconds .

========================================================================
Received Import Request.
  Time since last request: 1.859589 seconds.
  path: Assets/Resources/Prefabs/Feedbacks/ProximityHeadCollider.prefab
  artifactKey: Guid(e548fe915ec07154eb3d6b26e783ec0d) Importer(815301076,1909f56bfc062723c751e8b465ee728b)
Start importing Assets/Resources/Prefabs/Feedbacks/ProximityHeadCollider.prefab using Guid(e548fe915ec07154eb3d6b26e783ec0d) Importer(815301076,1909f56bfc062723c751e8b465ee728b)  -> (artifact id: '5c7083337c6654ba99d51cc054b0e517') in 0.007853 seconds
  Import took 0.047571 seconds .

========================================================================
Received Import Request.
  Time since last request: 0.621073 seconds.
  path: Assets/Resources/Prefabs/Feedbacks/ProximityHeadCollider.prefab
  artifactKey: Guid(e548fe915ec07154eb3d6b26e783ec0d) Importer(815301076,1909f56bfc062723c751e8b465ee728b)
Start importing Assets/Resources/Prefabs/Feedbacks/ProximityHeadCollider.prefab using Guid(e548fe915ec07154eb3d6b26e783ec0d) Importer(815301076,1909f56bfc062723c751e8b465ee728b)  -> (artifact id: '23c1e3ca8870996a89212ba510be9df7') in 0.008009 seconds
  Import took 0.019295 seconds .

========================================================================
Received Import Request.
  Time since last request: 0.009867 seconds.
  path: Assets/Resources/Prefabs/Feedbacks/ProximityHeadCollider.prefab
  artifactKey: Guid(e548fe915ec07154eb3d6b26e783ec0d) Importer(815301076,1909f56bfc062723c751e8b465ee728b)
Start importing Assets/Resources/Prefabs/Feedbacks/ProximityHeadCollider.prefab using Guid(e548fe915ec07154eb3d6b26e783ec0d) Importer(815301076,1909f56bfc062723c751e8b465ee728b)  -> (artifact id: '23c1e3ca8870996a89212ba510be9df7') in 0.009018 seconds
  Import took 0.012621 seconds .

========================================================================
Received Import Request.
  Time since last request: 37.100355 seconds.
  path: Assets/Resources/Prefabs/Feedbacks/ProximityHeadCollider.prefab
  artifactKey: Guid(e548fe915ec07154eb3d6b26e783ec0d) Importer(815301076,1909f56bfc062723c751e8b465ee728b)
Start importing Assets/Resources/Prefabs/Feedbacks/ProximityHeadCollider.prefab using Guid(e548fe915ec07154eb3d6b26e783ec0d) Importer(815301076,1909f56bfc062723c751e8b465ee728b)  -> (artifact id: '0939736ad4e300cae0961ac54907de97') in 0.007077 seconds
  Import took 0.010180 seconds .

========================================================================
Received Import Request.
  Time since last request: 0.017441 seconds.
  path: Assets/Resources/Prefabs/Feedbacks/ProximityHeadCollider.prefab
  artifactKey: Guid(e548fe915ec07154eb3d6b26e783ec0d) Importer(815301076,1909f56bfc062723c751e8b465ee728b)
Start importing Assets/Resources/Prefabs/Feedbacks/ProximityHeadCollider.prefab using Guid(e548fe915ec07154eb3d6b26e783ec0d) Importer(815301076,1909f56bfc062723c751e8b465ee728b)  -> (artifact id: '0939736ad4e300cae0961ac54907de97') in 0.008426 seconds
  Import took 0.011549 seconds .

========================================================================
Received Import Request.
  Time since last request: 5.552303 seconds.
  path: Assets/Resources/Prefabs/Feedbacks/ProximityHeadCollider.prefab
  artifactKey: Guid(e548fe915ec07154eb3d6b26e783ec0d) Importer(815301076,1909f56bfc062723c751e8b465ee728b)
Start importing Assets/Resources/Prefabs/Feedbacks/ProximityHeadCollider.prefab using Guid(e548fe915ec07154eb3d6b26e783ec0d) Importer(815301076,1909f56bfc062723c751e8b465ee728b)  -> (artifact id: '106a201bf0cc8a96f4b904527499aba8') in 0.006463 seconds
  Import took 0.009572 seconds .

========================================================================
Received Import Request.
  Time since last request: 0.016815 seconds.
  path: Assets/Resources/Prefabs/Feedbacks/ProximityHeadCollider.prefab
  artifactKey: Guid(e548fe915ec07154eb3d6b26e783ec0d) Importer(815301076,1909f56bfc062723c751e8b465ee728b)
Start importing Assets/Resources/Prefabs/Feedbacks/ProximityHeadCollider.prefab using Guid(e548fe915ec07154eb3d6b26e783ec0d) Importer(815301076,1909f56bfc062723c751e8b465ee728b)  -> (artifact id: '106a201bf0cc8a96f4b904527499aba8') in 0.007580 seconds
  Import took 0.010818 seconds .

========================================================================
Received Import Request.
  Time since last request: 48.224302 seconds.
  path: Assets/3D_objects/Camera_Classic/Ancient-Camera.FBX
  artifactKey: Guid(7eb8a0d65cf52d44cb9b3bc14d069c08) Importer(815301076,1909f56bfc062723c751e8b465ee728b)
Start importing Assets/3D_objects/Camera_Classic/Ancient-Camera.FBX using Guid(7eb8a0d65cf52d44cb9b3bc14d069c08) Importer(815301076,1909f56bfc062723c751e8b465ee728b)  -> (artifact id: 'af6bf38357e3f292807b4551c287c204') in 2.524678 seconds
  Import took 2.533436 seconds .

========================================================================
Received Import Request.
  Time since last request: 0.000303 seconds.
  path: Assets/Oculus/VR/Meshes/OculusTouchForQuest2/OculusTouchForQuest2_Right.fbx
  artifactKey: Guid(25b5eb0761edb6346b0b3444af76b55e) Importer(815301076,1909f56bfc062723c751e8b465ee728b)
Start importing Assets/Oculus/VR/Meshes/OculusTouchForQuest2/OculusTouchForQuest2_Right.fbx using Guid(25b5eb0761edb6346b0b3444af76b55e) Importer(815301076,1909f56bfc062723c751e8b465ee728b)  -> (artifact id: '4dc7d7c144f5445a265c7c2d40db0477') in 0.249015 seconds
  Import took 0.268857 seconds .

========================================================================
Received Import Request.
  Time since last request: 0.000375 seconds.
  path: Assets/3D_camera_projecteur/test.dae
  artifactKey: Guid(c68195002d6494b44b4fc3ffac8c4490) Importer(815301076,1909f56bfc062723c751e8b465ee728b)
Start importing Assets/3D_camera_projecteur/test.dae using Guid(c68195002d6494b44b4fc3ffac8c4490) Importer(815301076,1909f56bfc062723c751e8b465ee728b)  -> (artifact id: '9269f100248631b64ab9dcbec492586a') in 0.144534 seconds
  Import took 0.148330 seconds .

========================================================================
Received Import Request.
  Time since last request: 0.000267 seconds.
  path: Assets/3D_objects/Reel.obj
  artifactKey: Guid(51e3b98b1dda77040a526ad6381f8f37) Importer(815301076,1909f56bfc062723c751e8b465ee728b)
Start importing Assets/3D_objects/Reel.obj using Guid(51e3b98b1dda77040a526ad6381f8f37) Importer(815301076,1909f56bfc062723c751e8b465ee728b)  -> (artifact id: 'e6b7925daa74c4db5d456b1aa72cd97e') in 0.181751 seconds
  Import took 0.185167 seconds .

========================================================================
Received Import Request.
  Time since last request: 0.000338 seconds.
  path: Assets/3D_objects/Projector_Final/Projector_final.fbx
  artifactKey: Guid(cdc570d88e4feb04fabd88c139088bcd) Importer(815301076,1909f56bfc062723c751e8b465ee728b)
Start importing Assets/3D_objects/Projector_Final/Projector_final.fbx using Guid(cdc570d88e4feb04fabd88c139088bcd) Importer(815301076,1909f56bfc062723c751e8b465ee728b)  -> (artifact id: '98e437b21fc78ab94005d0ab362d614b') in 0.327335 seconds
  Import took 0.388410 seconds .

========================================================================
Received Import Request.
  Time since last request: 0.000247 seconds.
  path: Assets/Oculus/SampleFramework/Core/TouchControllers/Models/right_touch_controller_model_skel.fbx
  artifactKey: Guid(270ca9aaa39af4d4bb26754fdce0c971) Importer(815301076,1909f56bfc062723c751e8b465ee728b)
Start importing Assets/Oculus/SampleFramework/Core/TouchControllers/Models/right_touch_controller_model_skel.fbx using Guid(270ca9aaa39af4d4bb26754fdce0c971) Importer(815301076,1909f56bfc062723c751e8b465ee728b)  -> (artifact id: 'e96f8d2bc3187850475955221743003e') in 0.139235 seconds
  Import took 0.142488 seconds .

========================================================================
Received Import Request.
  Time since last request: 0.000304 seconds.
  path: Assets/Oculus/VR/Meshes/HandTracking/OculusHand_R.fbx
  artifactKey: Guid(88e2e1bfe11ec6c438b0ade27eaeded1) Importer(815301076,1909f56bfc062723c751e8b465ee728b)
Start importing Assets/Oculus/VR/Meshes/HandTracking/OculusHand_R.fbx using Guid(88e2e1bfe11ec6c438b0ade27eaeded1) Importer(815301076,1909f56bfc062723c751e8b465ee728b)  -> (artifact id: 'fd799fe07444d1cf4a37e6d4b96d544c') in 0.033431 seconds
  Import took 0.037024 seconds .

========================================================================
Received Import Request.
  Time since last request: 0.000253 seconds.
  path: Assets/Resources/Prefabs/Telepad/Model/Telepad.fbx
  artifactKey: Guid(d7854203d5526884387cb88f5eb429e3) Importer(815301076,1909f56bfc062723c751e8b465ee728b)
Start importing Assets/Resources/Prefabs/Telepad/Model/Telepad.fbx using Guid(d7854203d5526884387cb88f5eb429e3) Importer(815301076,1909f56bfc062723c751e8b465ee728b)  -> (artifact id: '74f625beea14d55189ffc3647767e091') in 0.030779 seconds
  Import took 0.034130 seconds .

========================================================================
Received Import Request.
  Time since last request: 0.000275 seconds.
  path: Assets/Oculus/VR/Meshes/OculusTouchForQuestAndRiftS/OculusTouchForQuestAndRiftS_Right.fbx
  artifactKey: Guid(37ba10a26a648144fa2390c8adfb2c8a) Importer(815301076,1909f56bfc062723c751e8b465ee728b)
Start importing Assets/Oculus/VR/Meshes/OculusTouchForQuestAndRiftS/OculusTouchForQuestAndRiftS_Right.fbx using Guid(37ba10a26a648144fa2390c8adfb2c8a) Importer(815301076,1909f56bfc062723c751e8b465ee728b)  -> (artifact id: '6dbc5fedbabe155fa866c53cc051f011') in 0.225966 seconds
  Import took 0.229470 seconds .

========================================================================
Received Import Request.
  Time since last request: 0.012935 seconds.
  path: Assets/Resources/Prefabs/Feedbacks/ProximityHeadCollider.prefab
  artifactKey: Guid(e548fe915ec07154eb3d6b26e783ec0d) Importer(815301076,1909f56bfc062723c751e8b465ee728b)
Start importing Assets/Resources/Prefabs/Feedbacks/ProximityHeadCollider.prefab using Guid(e548fe915ec07154eb3d6b26e783ec0d) Importer(815301076,1909f56bfc062723c751e8b465ee728b)  -> (artifact id: 'b8aa9b81b0c1031fa8c6445eae7033e1') in 0.006476 seconds
  Import took 0.009527 seconds .

========================================================================
Received Import Request.
  Time since last request: 0.017969 seconds.
  path: Assets/Resources/Prefabs/Feedbacks/ProximityHeadCollider.prefab
  artifactKey: Guid(e548fe915ec07154eb3d6b26e783ec0d) Importer(815301076,1909f56bfc062723c751e8b465ee728b)
Start importing Assets/Resources/Prefabs/Feedbacks/ProximityHeadCollider.prefab using Guid(e548fe915ec07154eb3d6b26e783ec0d) Importer(815301076,1909f56bfc062723c751e8b465ee728b)  -> (artifact id: 'b8aa9b81b0c1031fa8c6445eae7033e1') in 0.008773 seconds
  Import took 0.012044 seconds .

========================================================================
Received Import Request.
  Time since last request: 387.356051 seconds.
  path: Assets/IIViMaT/IIViMaT_Assembly.asmdef
  artifactKey: Guid(bed0fb7fa58689b429544220d77a10bd) Importer(815301076,1909f56bfc062723c751e8b465ee728b)
Start importing Assets/IIViMaT/IIViMaT_Assembly.asmdef using Guid(bed0fb7fa58689b429544220d77a10bd) Importer(815301076,1909f56bfc062723c751e8b465ee728b)  -> (artifact id: '7983222868254f7dee4bce6f27c90417') in 0.003589 seconds
  Import took 0.006716 seconds .

========================================================================
Received Import Request.
  Time since last request: 2.047607 seconds.
  path: Assets/IIViMaT/Documentation
  artifactKey: Guid(c0a12935569e206499ea2f29d262b781) Importer(815301076,1909f56bfc062723c751e8b465ee728b)
Start importing Assets/IIViMaT/Documentation using Guid(c0a12935569e206499ea2f29d262b781) Importer(815301076,1909f56bfc062723c751e8b465ee728b)  -> (artifact id: '33b25abac4e5366b7435f9333c4d2eb5') in 0.002395 seconds
  Import took 0.190661 seconds .

========================================================================
Received Import Request.
  Time since last request: 1.490261 seconds.
  path: Assets/IIViMaT/Documentation/Documentation utilisateur IIVIMAT.pdf
  artifactKey: Guid(d745cca797357964bb0585dfdeb8d839) Importer(815301076,1909f56bfc062723c751e8b465ee728b)
Start importing Assets/IIViMaT/Documentation/Documentation utilisateur IIVIMAT.pdf using Guid(d745cca797357964bb0585dfdeb8d839) Importer(815301076,1909f56bfc062723c751e8b465ee728b)  -> (artifact id: 'b7b5be9b4359c7533a67b29e46ef7db5') in 0.006387 seconds
  Import took 0.009361 seconds .

